<?xml version="1.0" encoding="UTF-8" standalone="no"?>
<!DOCTYPE log SYSTEM "logger.dtd">
<log>
<record>
  <date>2017-03-12T22:58:43</date>
  <millis>1489355923403</millis>
  <sequence>0</sequence>
  <logger>com.sfc.sf2.graphics.GraphicsManager</logger>
  <level>FINER</level>
  <class>com.sfc.sf2.graphics.GraphicsManager</class>
  <method>importDisassembly</method>
  <thread>13</thread>
  <message>ENTRY</message>
</record>
<record>
  <date>2017-03-12T22:58:43</date>
  <millis>1489355923425</millis>
  <sequence>1</sequence>
  <logger>com.sfc.sf2.graphics.GraphicsManager</logger>
  <level>INFO</level>
  <class>com.sfc.sf2.graphics.GraphicsManager</class>
  <method>importDisassembly</method>
  <thread>13</thread>
  <message>info</message>
</record>
<record>
  <date>2017-03-12T22:58:43</date>
  <millis>1489355923427</millis>
  <sequence>2</sequence>
  <logger>com.sfc.sf2.graphics.GraphicsManager</logger>
  <level>FINE</level>
  <class>com.sfc.sf2.graphics.GraphicsManager</class>
  <method>importDisassembly</method>
  <thread>13</thread>
  <message>fine</message>
</record>
<record>
  <date>2017-03-12T22:58:43</date>
  <millis>1489355923428</millis>
  <sequence>3</sequence>
  <logger>com.sfc.sf2.graphics.GraphicsManager</logger>
  <level>FINER</level>
  <class>com.sfc.sf2.graphics.GraphicsManager</class>
  <method>importDisassembly</method>
  <thread>13</thread>
  <message>finer</message>
</record>
<record>
  <date>2017-03-12T22:58:43</date>
  <millis>1489355923429</millis>
  <sequence>4</sequence>
  <logger>com.sfc.sf2.graphics.GraphicsManager</logger>
  <level>FINEST</level>
  <class>com.sfc.sf2.graphics.GraphicsManager</class>
  <method>importDisassembly</method>
  <thread>13</thread>
  <message>finest</message>
</record>
<record>
  <date>2017-03-12T22:58:43</date>
  <millis>1489355923440</millis>
  <sequence>5</sequence>
  <logger>com.sfc.sf2.graphics.GraphicsManager</logger>
  <level>FINER</level>
  <class>com.sfc.sf2.graphics.GraphicsManager</class>
  <method>importDisassembly</method>
  <thread>13</thread>
  <message>RETURN</message>
</record>
</log>
